
Copyright (C) 1994-2023 Synopsys, Inc.
This Synopsys software and all associated documentation are proprietary to Synopsys, Inc.
and may only be used pursuant to the terms and conditions of a written license agreement
with Synopsys, Inc. All other use, reproduction, modification, or distribution of the
Synopsys software or the associated documentation is strictly prohibited.
Tool: Synplify Pro (R)
Build: V-2023.09L-2
Install: /opt/Lattice/synpbase
OS: Ubuntu 24.04.4 LTS
Hostname: curzel-vm-1
max virtual memory: unlimited (bytes)
max user processes: 128182
max stack size: 8388608 (bytes)


Implementation : impl1

# Written on Wed Jun 10 15:16:46 2026

##### FILES SYNTAX CHECKED ##############################################
Constraint File(s):      (none)

#Run constraint checker to find more issues with constraints.
#########################################################################



No issues found in constraint syntax.



Clock Summary
*************

          Start                             Requested     Requested     Clock        Clock          Clock
Level     Clock                             Frequency     Period        Type         Group          Load 
---------------------------------------------------------------------------------------------------------
0 -       RAW10toParallel|CSI2_sens_clk     346.9 MHz     2.882         inferred     (multiple)     701  
                                                                                                         
0 -       RAW10toParallel|clk_i             362.9 MHz     2.755         inferred     (multiple)     308  
=========================================================================================================


Clock Load Summary
******************

                                  Clock     Source                  Clock Pin                                         Non-clock Pin     Non-clock Pin       
Clock                             Load      Pin                     Seq Example                                       Seq Example       Comb Example        
------------------------------------------------------------------------------------------------------------------------------------------------------------
RAW10toParallel|CSI2_sens_clk     701       CSI2_sens_clk(port)     fv_i.C                                            -                 pixclk_out.I[0](inv)
                                                                                                                                                            
RAW10toParallel|clk_i             308       clk_i(port)             hdmi_i2c_top_inst.hdmi_i2c_core_inst.scl_s2.C     -                 -                   
============================================================================================================================================================
